2025-08-21 21:57:45,788{GMT}	INFO	[jepsen test runner] jepsen.core: Command line:
lein run test -w echo --bin /home/ssung/go/bin/maelstrom-echo --node-count 1 --time-limit 10
2025-08-21 21:57:45,822{GMT}	INFO	[jepsen test runner] jepsen.core: Running test:
{:args []
 :remote
 #jepsen.control.retry.Remote{:remote #jepsen.control.scp.Remote{:cmd-remote #jepsen.control.sshj.SSHJRemote{:concurrency-limit 6,
                                                                                                             :conn-spec nil,
                                                                                                             :client nil,
                                                                                                             :semaphore nil},
                                                                 :conn-spec nil},
                              :conn nil}
 :log-net-send false
 :node-count 1
 :availability nil
 :max-txn-length 4
 :concurrency 1
 :db
 #object[maelstrom.db$db$reify__16142
         "0x54980154"
         "maelstrom.db$db$reify__16142@54980154"]
 :max-writes-per-key 16
 :leave-db-running? false
 :name "echo"
 :logging-json? false
 :start-time
 #object[org.joda.time.DateTime "0x33c976b1" "2025-08-21T21:57:45.759-04:00"]
 :nemesis-interval 10
 :net
 #object[maelstrom.net$jepsen_net$reify__15251
         "0x2c95cb24"
         "maelstrom.net$jepsen_net$reify__15251@2c95cb24"]
 :client
 #object[maelstrom.workload.echo$client$reify__16863
         "0x75f3c0c9"
         "maelstrom.workload.echo$client$reify__16863@75f3c0c9"]
 :barrier
 #object[java.util.concurrent.CyclicBarrier
         "0x28ec35e3"
         "java.util.concurrent.CyclicBarrier@28ec35e3"]
 :log-stderr false
 :pure-generators true
 :ssh {:dummy? true}
 :rate 5
 :checker
 #object[jepsen.checker$compose$reify__11881
         "0x5068a2b1"
         "jepsen.checker$compose$reify__11881@5068a2b1"]
 :argv
 ("test"
  "-w"
  "echo"
  "--bin"
  "/home/ssung/go/bin/maelstrom-echo"
  "--node-count"
  "1"
  "--time-limit"
  "10")
 :nemesis
 (jepsen.nemesis.ReflCompose
  {:fm {:start-partition 0,
        :stop-partition 0,
        :kill 1,
        :start 1,
        :pause 1,
        :resume 1},
   :nemeses [#unprintable "jepsen.nemesis.combined$partition_nemesis$reify__16416@52268f73"
             #unprintable "jepsen.nemesis.combined$db_nemesis$reify__16397@3938e876"]})
 :nodes ["n0"]
 :test-count 1
 :latency {:mean 0, :dist :constant}
 :bin "/home/ssung/go/bin/maelstrom-echo"
 :generator
 (jepsen.generator.TimeLimit
  {:limit 10000000000,
   :cutoff nil,
   :gen (jepsen.generator.Any
         {:gens [(jepsen.generator.OnThreads
                  {:f #{:nemesis},
                   :context-filter #object[jepsen.generator.context$make_thread_filter$lazy_filter__9167
                                           "0x5b52ce28"
                                           "jepsen.generator.context$make_thread_filter$lazy_filter__9167@5b52ce28"],
                   :gen nil})
                 (jepsen.generator.OnThreads
                  {:f #jepsen.generator.context.AllBut{:element :nemesis},
                   :context-filter #object[jepsen.generator.context$make_thread_filter$lazy_filter__9167
                                           "0x5ec10ab1"
                                           "jepsen.generator.context$make_thread_filter$lazy_filter__9167@5ec10ab1"],
                   :gen (jepsen.generator.Stagger
                         {:dt 400000000,
                          :next-time nil,
                          :gen (jepsen.generator.EachThread
                                {:fresh-gen #object[maelstrom.workload.echo$workload$fn__16882
                                                    "0x6701fbf3"
                                                    "maelstrom.workload.echo$workload$fn__16882@6701fbf3"],
                                 :context-filters #object[clojure.core$promise$reify__8591
                                                          "0x63f88d35"
                                                          {:status :pending,
                                                           :val nil}],
                                 :gens {}})})})]})})
 :log-net-recv false
 :os
 #object[maelstrom.net$jepsen_os$reify__15254
         "0x2e962cec"
         "maelstrom.net$jepsen_os$reify__15254@2e962cec"]
 :time-limit 10
 :workload :echo
 :consistency-models [:strict-serializable]
 :topology :grid}

2025-08-21 21:57:46,547{GMT}	INFO	[jepsen node n0] maelstrom.net: Starting Maelstrom network
2025-08-21 21:57:46,548{GMT}	INFO	[jepsen test runner] jepsen.db: Tearing down DB
2025-08-21 21:57:46,549{GMT}	INFO	[jepsen test runner] jepsen.db: Setting up DB
2025-08-21 21:57:46,551{GMT}	INFO	[jepsen node n0] maelstrom.service: Starting services: (lin-kv lin-tso lww-kv seq-kv)
2025-08-21 21:57:46,552{GMT}	INFO	[jepsen node n0] maelstrom.db: Setting up n0
2025-08-21 21:57:46,552{GMT}	INFO	[jepsen node n0] maelstrom.process: launching /home/ssung/go/bin/maelstrom-echo []
2025-08-21 21:57:46,575{GMT}	INFO	[jepsen test runner] jepsen.core: Relative time begins now
2025-08-21 21:57:46,589{GMT}	INFO	[jepsen worker 0] jepsen.util: 0	:invoke	:echo	"Please echo 11"
2025-08-21 21:57:46,595{GMT}	INFO	[jepsen worker 0] jepsen.util: 0	:ok	:echo	{:echo "Please echo 11", :in_reply_to 1, :msg_id 1, :type "echo_ok"}
2025-08-21 21:57:46,608{GMT}	INFO	[jepsen worker 0] jepsen.util: 0	:invoke	:echo	"Please echo 26"
2025-08-21 21:57:46,610{GMT}	INFO	[jepsen worker 0] jepsen.util: 0	:ok	:echo	{:echo "Please echo 26", :in_reply_to 2, :msg_id 2, :type "echo_ok"}
2025-08-21 21:57:47,002{GMT}	INFO	[jepsen worker 0] jepsen.util: 0	:invoke	:echo	"Please echo 13"
2025-08-21 21:57:47,004{GMT}	INFO	[jepsen worker 0] jepsen.util: 0	:ok	:echo	{:echo "Please echo 13", :in_reply_to 3, :msg_id 3, :type "echo_ok"}
2025-08-21 21:57:47,034{GMT}	INFO	[jepsen worker 0] jepsen.util: 0	:invoke	:echo	"Please echo 86"
2025-08-21 21:57:47,037{GMT}	INFO	[jepsen worker 0] jepsen.util: 0	:ok	:echo	{:echo "Please echo 86", :in_reply_to 4, :msg_id 4, :type "echo_ok"}
2025-08-21 21:57:47,057{GMT}	INFO	[jepsen worker 0] jepsen.util: 0	:invoke	:echo	"Please echo 32"
2025-08-21 21:57:47,059{GMT}	INFO	[jepsen worker 0] jepsen.util: 0	:ok	:echo	{:echo "Please echo 32", :in_reply_to 5, :msg_id 5, :type "echo_ok"}
2025-08-21 21:57:47,370{GMT}	INFO	[jepsen worker 0] jepsen.util: 0	:invoke	:echo	"Please echo 20"
2025-08-21 21:57:47,373{GMT}	INFO	[jepsen worker 0] jepsen.util: 0	:ok	:echo	{:echo "Please echo 20", :in_reply_to 6, :msg_id 6, :type "echo_ok"}
2025-08-21 21:57:47,516{GMT}	INFO	[jepsen worker 0] jepsen.util: 0	:invoke	:echo	"Please echo 62"
2025-08-21 21:57:47,519{GMT}	INFO	[jepsen worker 0] jepsen.util: 0	:ok	:echo	{:echo "Please echo 62", :in_reply_to 7, :msg_id 7, :type "echo_ok"}
2025-08-21 21:57:47,586{GMT}	INFO	[jepsen worker 0] jepsen.util: 0	:invoke	:echo	"Please echo 28"
2025-08-21 21:57:47,589{GMT}	INFO	[jepsen worker 0] jepsen.util: 0	:ok	:echo	{:echo "Please echo 28", :in_reply_to 8, :msg_id 8, :type "echo_ok"}
2025-08-21 21:57:47,974{GMT}	INFO	[jepsen worker 0] jepsen.util: 0	:invoke	:echo	"Please echo 77"
2025-08-21 21:57:47,977{GMT}	INFO	[jepsen worker 0] jepsen.util: 0	:ok	:echo	{:echo "Please echo 77", :in_reply_to 9, :msg_id 9, :type "echo_ok"}
2025-08-21 21:57:48,278{GMT}	INFO	[jepsen worker 0] jepsen.util: 0	:invoke	:echo	"Please echo 88"
2025-08-21 21:57:48,281{GMT}	INFO	[jepsen worker 0] jepsen.util: 0	:ok	:echo	{:echo "Please echo 88", :in_reply_to 10, :msg_id 10, :type "echo_ok"}
2025-08-21 21:57:48,362{GMT}	INFO	[jepsen worker 0] jepsen.util: 0	:invoke	:echo	"Please echo 50"
2025-08-21 21:57:48,365{GMT}	INFO	[jepsen worker 0] jepsen.util: 0	:ok	:echo	{:echo "Please echo 50", :in_reply_to 11, :msg_id 11, :type "echo_ok"}
2025-08-21 21:57:48,662{GMT}	INFO	[jepsen worker 0] jepsen.util: 0	:invoke	:echo	"Please echo 101"
2025-08-21 21:57:48,665{GMT}	INFO	[jepsen worker 0] jepsen.util: 0	:ok	:echo	{:echo "Please echo 101", :in_reply_to 12, :msg_id 12, :type "echo_ok"}
2025-08-21 21:57:48,706{GMT}	INFO	[jepsen worker 0] jepsen.util: 0	:invoke	:echo	"Please echo 45"
2025-08-21 21:57:48,709{GMT}	INFO	[jepsen worker 0] jepsen.util: 0	:ok	:echo	{:echo "Please echo 45", :in_reply_to 13, :msg_id 13, :type "echo_ok"}
2025-08-21 21:57:48,799{GMT}	INFO	[jepsen worker 0] jepsen.util: 0	:invoke	:echo	"Please echo 39"
2025-08-21 21:57:48,802{GMT}	INFO	[jepsen worker 0] jepsen.util: 0	:ok	:echo	{:echo "Please echo 39", :in_reply_to 14, :msg_id 14, :type "echo_ok"}
2025-08-21 21:57:48,976{GMT}	INFO	[jepsen worker 0] jepsen.util: 0	:invoke	:echo	"Please echo 121"
2025-08-21 21:57:48,978{GMT}	INFO	[jepsen worker 0] jepsen.util: 0	:ok	:echo	{:echo "Please echo 121", :in_reply_to 15, :msg_id 15, :type "echo_ok"}
2025-08-21 21:57:49,316{GMT}	INFO	[jepsen worker 0] jepsen.util: 0	:invoke	:echo	"Please echo 62"
2025-08-21 21:57:49,318{GMT}	INFO	[jepsen worker 0] jepsen.util: 0	:ok	:echo	{:echo "Please echo 62", :in_reply_to 16, :msg_id 16, :type "echo_ok"}
2025-08-21 21:57:49,426{GMT}	INFO	[jepsen worker 0] jepsen.util: 0	:invoke	:echo	"Please echo 25"
2025-08-21 21:57:49,428{GMT}	INFO	[jepsen worker 0] jepsen.util: 0	:ok	:echo	{:echo "Please echo 25", :in_reply_to 17, :msg_id 17, :type "echo_ok"}
2025-08-21 21:57:49,657{GMT}	INFO	[jepsen worker 0] jepsen.util: 0	:invoke	:echo	"Please echo 62"
2025-08-21 21:57:49,659{GMT}	INFO	[jepsen worker 0] jepsen.util: 0	:ok	:echo	{:echo "Please echo 62", :in_reply_to 18, :msg_id 18, :type "echo_ok"}
2025-08-21 21:57:49,972{GMT}	INFO	[jepsen worker 0] jepsen.util: 0	:invoke	:echo	"Please echo 55"
2025-08-21 21:57:49,974{GMT}	INFO	[jepsen worker 0] jepsen.util: 0	:ok	:echo	{:echo "Please echo 55", :in_reply_to 19, :msg_id 19, :type "echo_ok"}
2025-08-21 21:57:50,152{GMT}	INFO	[jepsen worker 0] jepsen.util: 0	:invoke	:echo	"Please echo 65"
2025-08-21 21:57:50,154{GMT}	INFO	[jepsen worker 0] jepsen.util: 0	:ok	:echo	{:echo "Please echo 65", :in_reply_to 20, :msg_id 20, :type "echo_ok"}
2025-08-21 21:57:50,404{GMT}	INFO	[jepsen worker 0] jepsen.util: 0	:invoke	:echo	"Please echo 8"
2025-08-21 21:57:50,406{GMT}	INFO	[jepsen worker 0] jepsen.util: 0	:ok	:echo	{:echo "Please echo 8", :in_reply_to 21, :msg_id 21, :type "echo_ok"}
2025-08-21 21:57:50,481{GMT}	INFO	[jepsen worker 0] jepsen.util: 0	:invoke	:echo	"Please echo 8"
2025-08-21 21:57:50,483{GMT}	INFO	[jepsen worker 0] jepsen.util: 0	:ok	:echo	{:echo "Please echo 8", :in_reply_to 22, :msg_id 22, :type "echo_ok"}
2025-08-21 21:57:50,564{GMT}	INFO	[jepsen worker 0] jepsen.util: 0	:invoke	:echo	"Please echo 15"
2025-08-21 21:57:50,567{GMT}	INFO	[jepsen worker 0] jepsen.util: 0	:ok	:echo	{:echo "Please echo 15", :in_reply_to 23, :msg_id 23, :type "echo_ok"}
2025-08-21 21:57:50,865{GMT}	INFO	[jepsen worker 0] jepsen.util: 0	:invoke	:echo	"Please echo 85"
2025-08-21 21:57:50,867{GMT}	INFO	[jepsen worker 0] jepsen.util: 0	:ok	:echo	{:echo "Please echo 85", :in_reply_to 24, :msg_id 24, :type "echo_ok"}
2025-08-21 21:57:51,089{GMT}	INFO	[jepsen worker 0] jepsen.util: 0	:invoke	:echo	"Please echo 57"
2025-08-21 21:57:51,091{GMT}	INFO	[jepsen worker 0] jepsen.util: 0	:ok	:echo	{:echo "Please echo 57", :in_reply_to 25, :msg_id 25, :type "echo_ok"}
2025-08-21 21:57:51,407{GMT}	INFO	[jepsen worker 0] jepsen.util: 0	:invoke	:echo	"Please echo 8"
2025-08-21 21:57:51,409{GMT}	INFO	[jepsen worker 0] jepsen.util: 0	:ok	:echo	{:echo "Please echo 8", :in_reply_to 26, :msg_id 26, :type "echo_ok"}
2025-08-21 21:57:51,630{GMT}	INFO	[jepsen worker 0] jepsen.util: 0	:invoke	:echo	"Please echo 109"
2025-08-21 21:57:51,632{GMT}	INFO	[jepsen worker 0] jepsen.util: 0	:ok	:echo	{:echo "Please echo 109", :in_reply_to 27, :msg_id 27, :type "echo_ok"}
2025-08-21 21:57:51,783{GMT}	INFO	[jepsen worker 0] jepsen.util: 0	:invoke	:echo	"Please echo 45"
2025-08-21 21:57:51,785{GMT}	INFO	[jepsen worker 0] jepsen.util: 0	:ok	:echo	{:echo "Please echo 45", :in_reply_to 28, :msg_id 28, :type "echo_ok"}
2025-08-21 21:57:51,959{GMT}	INFO	[jepsen worker 0] jepsen.util: 0	:invoke	:echo	"Please echo 19"
2025-08-21 21:57:51,961{GMT}	INFO	[jepsen worker 0] jepsen.util: 0	:ok	:echo	{:echo "Please echo 19", :in_reply_to 29, :msg_id 29, :type "echo_ok"}
2025-08-21 21:57:52,282{GMT}	INFO	[jepsen worker 0] jepsen.util: 0	:invoke	:echo	"Please echo 57"
2025-08-21 21:57:52,285{GMT}	INFO	[jepsen worker 0] jepsen.util: 0	:ok	:echo	{:echo "Please echo 57", :in_reply_to 30, :msg_id 30, :type "echo_ok"}
2025-08-21 21:57:52,534{GMT}	INFO	[jepsen worker 0] jepsen.util: 0	:invoke	:echo	"Please echo 107"
2025-08-21 21:57:52,536{GMT}	INFO	[jepsen worker 0] jepsen.util: 0	:ok	:echo	{:echo "Please echo 107", :in_reply_to 31, :msg_id 31, :type "echo_ok"}
2025-08-21 21:57:52,851{GMT}	INFO	[jepsen worker 0] jepsen.util: 0	:invoke	:echo	"Please echo 34"
2025-08-21 21:57:52,853{GMT}	INFO	[jepsen worker 0] jepsen.util: 0	:ok	:echo	{:echo "Please echo 34", :in_reply_to 32, :msg_id 32, :type "echo_ok"}
2025-08-21 21:57:52,861{GMT}	INFO	[jepsen worker 0] jepsen.util: 0	:invoke	:echo	"Please echo 28"
2025-08-21 21:57:52,862{GMT}	INFO	[jepsen worker 0] jepsen.util: 0	:ok	:echo	{:echo "Please echo 28", :in_reply_to 33, :msg_id 33, :type "echo_ok"}
2025-08-21 21:57:53,248{GMT}	INFO	[jepsen worker 0] jepsen.util: 0	:invoke	:echo	"Please echo 67"
2025-08-21 21:57:53,250{GMT}	INFO	[jepsen worker 0] jepsen.util: 0	:ok	:echo	{:echo "Please echo 67", :in_reply_to 34, :msg_id 34, :type "echo_ok"}
2025-08-21 21:57:53,594{GMT}	INFO	[jepsen worker 0] jepsen.util: 0	:invoke	:echo	"Please echo 7"
2025-08-21 21:57:53,596{GMT}	INFO	[jepsen worker 0] jepsen.util: 0	:ok	:echo	{:echo "Please echo 7", :in_reply_to 35, :msg_id 35, :type "echo_ok"}
2025-08-21 21:57:53,836{GMT}	INFO	[jepsen worker 0] jepsen.util: 0	:invoke	:echo	"Please echo 11"
2025-08-21 21:57:53,838{GMT}	INFO	[jepsen worker 0] jepsen.util: 0	:ok	:echo	{:echo "Please echo 11", :in_reply_to 36, :msg_id 36, :type "echo_ok"}
2025-08-21 21:57:53,987{GMT}	INFO	[jepsen worker 0] jepsen.util: 0	:invoke	:echo	"Please echo 40"
2025-08-21 21:57:53,990{GMT}	INFO	[jepsen worker 0] jepsen.util: 0	:ok	:echo	{:echo "Please echo 40", :in_reply_to 37, :msg_id 37, :type "echo_ok"}
2025-08-21 21:57:54,133{GMT}	INFO	[jepsen worker 0] jepsen.util: 0	:invoke	:echo	"Please echo 17"
2025-08-21 21:57:54,135{GMT}	INFO	[jepsen worker 0] jepsen.util: 0	:ok	:echo	{:echo "Please echo 17", :in_reply_to 38, :msg_id 38, :type "echo_ok"}
2025-08-21 21:57:54,265{GMT}	INFO	[jepsen worker 0] jepsen.util: 0	:invoke	:echo	"Please echo 29"
2025-08-21 21:57:54,267{GMT}	INFO	[jepsen worker 0] jepsen.util: 0	:ok	:echo	{:echo "Please echo 29", :in_reply_to 39, :msg_id 39, :type "echo_ok"}
2025-08-21 21:57:54,553{GMT}	INFO	[jepsen worker 0] jepsen.util: 0	:invoke	:echo	"Please echo 106"
2025-08-21 21:57:54,556{GMT}	INFO	[jepsen worker 0] jepsen.util: 0	:ok	:echo	{:echo "Please echo 106", :in_reply_to 40, :msg_id 40, :type "echo_ok"}
2025-08-21 21:57:54,800{GMT}	INFO	[jepsen worker 0] jepsen.util: 0	:invoke	:echo	"Please echo 126"
2025-08-21 21:57:54,802{GMT}	INFO	[jepsen worker 0] jepsen.util: 0	:ok	:echo	{:echo "Please echo 126", :in_reply_to 41, :msg_id 41, :type "echo_ok"}
2025-08-21 21:57:54,978{GMT}	INFO	[jepsen worker 0] jepsen.util: 0	:invoke	:echo	"Please echo 81"
2025-08-21 21:57:54,980{GMT}	INFO	[jepsen worker 0] jepsen.util: 0	:ok	:echo	{:echo "Please echo 81", :in_reply_to 42, :msg_id 42, :type "echo_ok"}
2025-08-21 21:57:55,314{GMT}	INFO	[jepsen worker 0] jepsen.util: 0	:invoke	:echo	"Please echo 37"
2025-08-21 21:57:55,316{GMT}	INFO	[jepsen worker 0] jepsen.util: 0	:ok	:echo	{:echo "Please echo 37", :in_reply_to 43, :msg_id 43, :type "echo_ok"}
2025-08-21 21:57:55,490{GMT}	INFO	[jepsen worker 0] jepsen.util: 0	:invoke	:echo	"Please echo 89"
2025-08-21 21:57:55,493{GMT}	INFO	[jepsen worker 0] jepsen.util: 0	:ok	:echo	{:echo "Please echo 89", :in_reply_to 44, :msg_id 44, :type "echo_ok"}
2025-08-21 21:57:55,854{GMT}	INFO	[jepsen worker 0] jepsen.util: 0	:invoke	:echo	"Please echo 64"
2025-08-21 21:57:55,856{GMT}	INFO	[jepsen worker 0] jepsen.util: 0	:ok	:echo	{:echo "Please echo 64", :in_reply_to 45, :msg_id 45, :type "echo_ok"}
2025-08-21 21:57:56,176{GMT}	INFO	[jepsen worker 0] jepsen.util: 0	:invoke	:echo	"Please echo 48"
2025-08-21 21:57:56,179{GMT}	INFO	[jepsen worker 0] jepsen.util: 0	:ok	:echo	{:echo "Please echo 48", :in_reply_to 46, :msg_id 46, :type "echo_ok"}
2025-08-21 21:57:56,279{GMT}	INFO	[jepsen worker 0] jepsen.util: 0	:invoke	:echo	"Please echo 99"
2025-08-21 21:57:56,282{GMT}	INFO	[jepsen worker 0] jepsen.util: 0	:ok	:echo	{:echo "Please echo 99", :in_reply_to 47, :msg_id 47, :type "echo_ok"}
2025-08-21 21:57:56,302{GMT}	INFO	[jepsen test runner] jepsen.core: Run complete, writing
2025-08-21 21:57:56,344{GMT}	INFO	[jepsen node n0] maelstrom.db: Tearing down n0
2025-08-21 21:57:57,559{GMT}	INFO	[jepsen node n0] maelstrom.net: Shutting down Maelstrom network
2025-08-21 21:57:57,560{GMT}	INFO	[jepsen test runner] jepsen.core: Analyzing...
2025-08-21 21:57:57,721{GMT}	INFO	[jepsen test runner] jepsen.core: Analysis complete
2025-08-21 21:57:57,729{GMT}	INFO	[jepsen results] jepsen.store: Wrote /home/ssung/projects/learning-gossip-glomers/maelstrom-echo/store/echo/20250821T215745.759-0400/results.edn
2025-08-21 21:57:57,753{GMT}	INFO	[jepsen test runner] jepsen.core: {:perf {:latency-graph {:valid? true},
        :rate-graph {:valid? true},
        :valid? true},
 :timeline {:valid? true},
 :exceptions {:valid? true},
 :stats {:valid? true,
         :count 47,
         :ok-count 47,
         :fail-count 0,
         :info-count 0,
         :by-f {:echo {:valid? true,
                       :count 47,
                       :ok-count 47,
                       :fail-count 0,
                       :info-count 0}}},
 :availability {:valid? true, :ok-fraction 1.0},
 :net {:all {:send-count 96,
             :recv-count 96,
             :msg-count 96,
             :msgs-per-op 2.0425532},
       :clients {:send-count 96, :recv-count 96, :msg-count 96},
       :servers {:send-count 0,
                 :recv-count 0,
                 :msg-count 0,
                 :msgs-per-op 0.0},
       :valid? true},
 :workload {:valid? true, :errors ()},
 :valid? true}


Everything looks good! ヽ(‘ー`)ノ
