2025-08-21 21:59:24,937{GMT}	INFO	[jepsen test runner] jepsen.core: Command line:
lein run test -w echo --bin /home/ssung/go/bin/maelstrom-echo --node-count 1 --time-limit 10
2025-08-21 21:59:24,965{GMT}	INFO	[jepsen test runner] jepsen.core: Running test:
{:args []
 :remote
 #jepsen.control.retry.Remote{:remote #jepsen.control.scp.Remote{:cmd-remote #jepsen.control.sshj.SSHJRemote{:concurrency-limit 6,
                                                                                                             :conn-spec nil,
                                                                                                             :client nil,
                                                                                                             :semaphore nil},
                                                                 :conn-spec nil},
                              :conn nil}
 :log-net-send false
 :node-count 1
 :availability nil
 :max-txn-length 4
 :concurrency 1
 :db
 #object[maelstrom.db$db$reify__16142
         "0xc6b08a5"
         "maelstrom.db$db$reify__16142@c6b08a5"]
 :max-writes-per-key 16
 :leave-db-running? false
 :name "echo"
 :logging-json? false
 :start-time
 #object[org.joda.time.DateTime "0x274f51ad" "2025-08-21T21:59:24.922-04:00"]
 :nemesis-interval 10
 :net
 #object[maelstrom.net$jepsen_net$reify__15251
         "0x33c976b1"
         "maelstrom.net$jepsen_net$reify__15251@33c976b1"]
 :client
 #object[maelstrom.workload.echo$client$reify__16863
         "0x2c95cb24"
         "maelstrom.workload.echo$client$reify__16863@2c95cb24"]
 :barrier
 #object[java.util.concurrent.CyclicBarrier
         "0x75f3c0c9"
         "java.util.concurrent.CyclicBarrier@75f3c0c9"]
 :log-stderr false
 :pure-generators true
 :ssh {:dummy? true}
 :rate 5
 :checker
 #object[jepsen.checker$compose$reify__11881
         "0x28ec35e3"
         "jepsen.checker$compose$reify__11881@28ec35e3"]
 :argv
 ("test"
  "-w"
  "echo"
  "--bin"
  "/home/ssung/go/bin/maelstrom-echo"
  "--node-count"
  "1"
  "--time-limit"
  "10")
 :nemesis
 (jepsen.nemesis.ReflCompose
  {:fm {:start-partition 0,
        :stop-partition 0,
        :kill 1,
        :start 1,
        :pause 1,
        :resume 1},
   :nemeses [#unprintable "jepsen.nemesis.combined$partition_nemesis$reify__16416@5068a2b1"
             #unprintable "jepsen.nemesis.combined$db_nemesis$reify__16397@52268f73"]})
 :nodes ["n0"]
 :test-count 1
 :latency {:mean 0, :dist :constant}
 :bin "/home/ssung/go/bin/maelstrom-echo"
 :generator
 (jepsen.generator.TimeLimit
  {:limit 10000000000,
   :cutoff nil,
   :gen (jepsen.generator.Any
         {:gens [(jepsen.generator.OnThreads
                  {:f #{:nemesis},
                   :context-filter #object[jepsen.generator.context$make_thread_filter$lazy_filter__9167
                                           "0x808fa1"
                                           "jepsen.generator.context$make_thread_filter$lazy_filter__9167@808fa1"],
                   :gen nil})
                 (jepsen.generator.OnThreads
                  {:f #jepsen.generator.context.AllBut{:element :nemesis},
                   :context-filter #object[jepsen.generator.context$make_thread_filter$lazy_filter__9167
                                           "0x5b52ce28"
                                           "jepsen.generator.context$make_thread_filter$lazy_filter__9167@5b52ce28"],
                   :gen (jepsen.generator.Stagger
                         {:dt 400000000,
                          :next-time nil,
                          :gen (jepsen.generator.EachThread
                                {:fresh-gen #object[maelstrom.workload.echo$workload$fn__16882
                                                    "0x5ec10ab1"
                                                    "maelstrom.workload.echo$workload$fn__16882@5ec10ab1"],
                                 :context-filters #object[clojure.core$promise$reify__8591
                                                          "0x6701fbf3"
                                                          {:status :pending,
                                                           :val nil}],
                                 :gens {}})})})]})})
 :log-net-recv false
 :os
 #object[maelstrom.net$jepsen_os$reify__15254
         "0x63f88d35"
         "maelstrom.net$jepsen_os$reify__15254@63f88d35"]
 :time-limit 10
 :workload :echo
 :consistency-models [:strict-serializable]
 :topology :grid}

2025-08-21 21:59:25,663{GMT}	INFO	[jepsen node n0] maelstrom.net: Starting Maelstrom network
2025-08-21 21:59:25,665{GMT}	INFO	[jepsen test runner] jepsen.db: Tearing down DB
2025-08-21 21:59:25,666{GMT}	INFO	[jepsen test runner] jepsen.db: Setting up DB
2025-08-21 21:59:25,668{GMT}	INFO	[jepsen node n0] maelstrom.service: Starting services: (lin-kv lin-tso lww-kv seq-kv)
2025-08-21 21:59:25,670{GMT}	INFO	[jepsen node n0] maelstrom.db: Setting up n0
2025-08-21 21:59:25,671{GMT}	INFO	[jepsen node n0] maelstrom.process: launching /home/ssung/go/bin/maelstrom-echo []
2025-08-21 21:59:25,694{GMT}	INFO	[jepsen test runner] jepsen.core: Relative time begins now
2025-08-21 21:59:25,707{GMT}	INFO	[jepsen worker 0] jepsen.util: 0	:invoke	:echo	"Please echo 69"
2025-08-21 21:59:25,714{GMT}	INFO	[jepsen worker 0] jepsen.util: 0	:ok	:echo	{:echo "Please echo 69", :in_reply_to 1, :msg_id 1, :type "echo_ok"}
2025-08-21 21:59:25,888{GMT}	INFO	[jepsen worker 0] jepsen.util: 0	:invoke	:echo	"Please echo 10"
2025-08-21 21:59:25,890{GMT}	INFO	[jepsen worker 0] jepsen.util: 0	:ok	:echo	{:echo "Please echo 10", :in_reply_to 2, :msg_id 2, :type "echo_ok"}
2025-08-21 21:59:26,287{GMT}	INFO	[jepsen worker 0] jepsen.util: 0	:invoke	:echo	"Please echo 114"
2025-08-21 21:59:26,290{GMT}	INFO	[jepsen worker 0] jepsen.util: 0	:ok	:echo	{:echo "Please echo 114", :in_reply_to 3, :msg_id 3, :type "echo_ok"}
2025-08-21 21:59:26,621{GMT}	INFO	[jepsen worker 0] jepsen.util: 0	:invoke	:echo	"Please echo 31"
2025-08-21 21:59:26,624{GMT}	INFO	[jepsen worker 0] jepsen.util: 0	:ok	:echo	{:echo "Please echo 31", :in_reply_to 4, :msg_id 4, :type "echo_ok"}
2025-08-21 21:59:26,883{GMT}	INFO	[jepsen worker 0] jepsen.util: 0	:invoke	:echo	"Please echo 93"
2025-08-21 21:59:26,885{GMT}	INFO	[jepsen worker 0] jepsen.util: 0	:ok	:echo	{:echo "Please echo 93", :in_reply_to 5, :msg_id 5, :type "echo_ok"}
2025-08-21 21:59:27,178{GMT}	INFO	[jepsen worker 0] jepsen.util: 0	:invoke	:echo	"Please echo 45"
2025-08-21 21:59:27,181{GMT}	INFO	[jepsen worker 0] jepsen.util: 0	:ok	:echo	{:echo "Please echo 45", :in_reply_to 6, :msg_id 6, :type "echo_ok"}
2025-08-21 21:59:27,577{GMT}	INFO	[jepsen worker 0] jepsen.util: 0	:invoke	:echo	"Please echo 122"
2025-08-21 21:59:27,580{GMT}	INFO	[jepsen worker 0] jepsen.util: 0	:ok	:echo	{:echo "Please echo 122", :in_reply_to 7, :msg_id 7, :type "echo_ok"}
2025-08-21 21:59:27,953{GMT}	INFO	[jepsen worker 0] jepsen.util: 0	:invoke	:echo	"Please echo 54"
2025-08-21 21:59:27,956{GMT}	INFO	[jepsen worker 0] jepsen.util: 0	:ok	:echo	{:echo "Please echo 54", :in_reply_to 8, :msg_id 8, :type "echo_ok"}
2025-08-21 21:59:28,074{GMT}	INFO	[jepsen worker 0] jepsen.util: 0	:invoke	:echo	"Please echo 73"
2025-08-21 21:59:28,076{GMT}	INFO	[jepsen worker 0] jepsen.util: 0	:ok	:echo	{:echo "Please echo 73", :in_reply_to 9, :msg_id 9, :type "echo_ok"}
2025-08-21 21:59:28,189{GMT}	INFO	[jepsen worker 0] jepsen.util: 0	:invoke	:echo	"Please echo 88"
2025-08-21 21:59:28,192{GMT}	INFO	[jepsen worker 0] jepsen.util: 0	:ok	:echo	{:echo "Please echo 88", :in_reply_to 10, :msg_id 10, :type "echo_ok"}
2025-08-21 21:59:28,474{GMT}	INFO	[jepsen worker 0] jepsen.util: 0	:invoke	:echo	"Please echo 103"
2025-08-21 21:59:28,477{GMT}	INFO	[jepsen worker 0] jepsen.util: 0	:ok	:echo	{:echo "Please echo 103", :in_reply_to 11, :msg_id 11, :type "echo_ok"}
2025-08-21 21:59:28,559{GMT}	INFO	[jepsen worker 0] jepsen.util: 0	:invoke	:echo	"Please echo 102"
2025-08-21 21:59:28,561{GMT}	INFO	[jepsen worker 0] jepsen.util: 0	:ok	:echo	{:echo "Please echo 102", :in_reply_to 12, :msg_id 12, :type "echo_ok"}
2025-08-21 21:59:28,926{GMT}	INFO	[jepsen worker 0] jepsen.util: 0	:invoke	:echo	"Please echo 9"
2025-08-21 21:59:28,928{GMT}	INFO	[jepsen worker 0] jepsen.util: 0	:ok	:echo	{:echo "Please echo 9", :in_reply_to 13, :msg_id 13, :type "echo_ok"}
2025-08-21 21:59:29,166{GMT}	INFO	[jepsen worker 0] jepsen.util: 0	:invoke	:echo	"Please echo 126"
2025-08-21 21:59:29,168{GMT}	INFO	[jepsen worker 0] jepsen.util: 0	:ok	:echo	{:echo "Please echo 126", :in_reply_to 14, :msg_id 14, :type "echo_ok"}
2025-08-21 21:59:29,398{GMT}	INFO	[jepsen worker 0] jepsen.util: 0	:invoke	:echo	"Please echo 70"
2025-08-21 21:59:29,400{GMT}	INFO	[jepsen worker 0] jepsen.util: 0	:ok	:echo	{:echo "Please echo 70", :in_reply_to 15, :msg_id 15, :type "echo_ok"}
2025-08-21 21:59:29,579{GMT}	INFO	[jepsen worker 0] jepsen.util: 0	:invoke	:echo	"Please echo 82"
2025-08-21 21:59:29,582{GMT}	INFO	[jepsen worker 0] jepsen.util: 0	:ok	:echo	{:echo "Please echo 82", :in_reply_to 16, :msg_id 16, :type "echo_ok"}
2025-08-21 21:59:29,791{GMT}	INFO	[jepsen worker 0] jepsen.util: 0	:invoke	:echo	"Please echo 110"
2025-08-21 21:59:29,793{GMT}	INFO	[jepsen worker 0] jepsen.util: 0	:ok	:echo	{:echo "Please echo 110", :in_reply_to 17, :msg_id 17, :type "echo_ok"}
2025-08-21 21:59:30,044{GMT}	INFO	[jepsen worker 0] jepsen.util: 0	:invoke	:echo	"Please echo 26"
2025-08-21 21:59:30,047{GMT}	INFO	[jepsen worker 0] jepsen.util: 0	:ok	:echo	{:echo "Please echo 26", :in_reply_to 18, :msg_id 18, :type "echo_ok"}
2025-08-21 21:59:30,119{GMT}	INFO	[jepsen worker 0] jepsen.util: 0	:invoke	:echo	"Please echo 38"
2025-08-21 21:59:30,122{GMT}	INFO	[jepsen worker 0] jepsen.util: 0	:ok	:echo	{:echo "Please echo 38", :in_reply_to 19, :msg_id 19, :type "echo_ok"}
2025-08-21 21:59:30,237{GMT}	INFO	[jepsen worker 0] jepsen.util: 0	:invoke	:echo	"Please echo 107"
2025-08-21 21:59:30,239{GMT}	INFO	[jepsen worker 0] jepsen.util: 0	:ok	:echo	{:echo "Please echo 107", :in_reply_to 20, :msg_id 20, :type "echo_ok"}
2025-08-21 21:59:30,559{GMT}	INFO	[jepsen worker 0] jepsen.util: 0	:invoke	:echo	"Please echo 50"
2025-08-21 21:59:30,562{GMT}	INFO	[jepsen worker 0] jepsen.util: 0	:ok	:echo	{:echo "Please echo 50", :in_reply_to 21, :msg_id 21, :type "echo_ok"}
2025-08-21 21:59:30,772{GMT}	INFO	[jepsen worker 0] jepsen.util: 0	:invoke	:echo	"Please echo 120"
2025-08-21 21:59:30,774{GMT}	INFO	[jepsen worker 0] jepsen.util: 0	:ok	:echo	{:echo "Please echo 120", :in_reply_to 22, :msg_id 22, :type "echo_ok"}
2025-08-21 21:59:30,994{GMT}	INFO	[jepsen worker 0] jepsen.util: 0	:invoke	:echo	"Please echo 39"
2025-08-21 21:59:30,996{GMT}	INFO	[jepsen worker 0] jepsen.util: 0	:ok	:echo	{:echo "Please echo 39", :in_reply_to 23, :msg_id 23, :type "echo_ok"}
2025-08-21 21:59:31,143{GMT}	INFO	[jepsen worker 0] jepsen.util: 0	:invoke	:echo	"Please echo 66"
2025-08-21 21:59:31,145{GMT}	INFO	[jepsen worker 0] jepsen.util: 0	:ok	:echo	{:echo "Please echo 66", :in_reply_to 24, :msg_id 24, :type "echo_ok"}
2025-08-21 21:59:31,476{GMT}	INFO	[jepsen worker 0] jepsen.util: 0	:invoke	:echo	"Please echo 79"
2025-08-21 21:59:31,478{GMT}	INFO	[jepsen worker 0] jepsen.util: 0	:ok	:echo	{:echo "Please echo 79", :in_reply_to 25, :msg_id 25, :type "echo_ok"}
2025-08-21 21:59:31,605{GMT}	INFO	[jepsen worker 0] jepsen.util: 0	:invoke	:echo	"Please echo 91"
2025-08-21 21:59:31,607{GMT}	INFO	[jepsen worker 0] jepsen.util: 0	:ok	:echo	{:echo "Please echo 91", :in_reply_to 26, :msg_id 26, :type "echo_ok"}
2025-08-21 21:59:31,991{GMT}	INFO	[jepsen worker 0] jepsen.util: 0	:invoke	:echo	"Please echo 48"
2025-08-21 21:59:31,993{GMT}	INFO	[jepsen worker 0] jepsen.util: 0	:ok	:echo	{:echo "Please echo 48", :in_reply_to 27, :msg_id 27, :type "echo_ok"}
2025-08-21 21:59:32,150{GMT}	INFO	[jepsen worker 0] jepsen.util: 0	:invoke	:echo	"Please echo 81"
2025-08-21 21:59:32,152{GMT}	INFO	[jepsen worker 0] jepsen.util: 0	:ok	:echo	{:echo "Please echo 81", :in_reply_to 28, :msg_id 28, :type "echo_ok"}
2025-08-21 21:59:32,467{GMT}	INFO	[jepsen worker 0] jepsen.util: 0	:invoke	:echo	"Please echo 117"
2025-08-21 21:59:32,469{GMT}	INFO	[jepsen worker 0] jepsen.util: 0	:ok	:echo	{:echo "Please echo 117", :in_reply_to 29, :msg_id 29, :type "echo_ok"}
2025-08-21 21:59:32,862{GMT}	INFO	[jepsen worker 0] jepsen.util: 0	:invoke	:echo	"Please echo 46"
2025-08-21 21:59:32,864{GMT}	INFO	[jepsen worker 0] jepsen.util: 0	:ok	:echo	{:echo "Please echo 46", :in_reply_to 30, :msg_id 30, :type "echo_ok"}
2025-08-21 21:59:33,142{GMT}	INFO	[jepsen worker 0] jepsen.util: 0	:invoke	:echo	"Please echo 57"
2025-08-21 21:59:33,145{GMT}	INFO	[jepsen worker 0] jepsen.util: 0	:ok	:echo	{:echo "Please echo 57", :in_reply_to 31, :msg_id 31, :type "echo_ok"}
2025-08-21 21:59:33,401{GMT}	INFO	[jepsen worker 0] jepsen.util: 0	:invoke	:echo	"Please echo 97"
2025-08-21 21:59:33,403{GMT}	INFO	[jepsen worker 0] jepsen.util: 0	:ok	:echo	{:echo "Please echo 97", :in_reply_to 32, :msg_id 32, :type "echo_ok"}
2025-08-21 21:59:33,491{GMT}	INFO	[jepsen worker 0] jepsen.util: 0	:invoke	:echo	"Please echo 8"
2025-08-21 21:59:33,494{GMT}	INFO	[jepsen worker 0] jepsen.util: 0	:ok	:echo	{:echo "Please echo 8", :in_reply_to 33, :msg_id 33, :type "echo_ok"}
2025-08-21 21:59:33,733{GMT}	INFO	[jepsen worker 0] jepsen.util: 0	:invoke	:echo	"Please echo 120"
2025-08-21 21:59:33,735{GMT}	INFO	[jepsen worker 0] jepsen.util: 0	:ok	:echo	{:echo "Please echo 120", :in_reply_to 34, :msg_id 34, :type "echo_ok"}
2025-08-21 21:59:33,935{GMT}	INFO	[jepsen worker 0] jepsen.util: 0	:invoke	:echo	"Please echo 52"
2025-08-21 21:59:33,939{GMT}	INFO	[jepsen worker 0] jepsen.util: 0	:ok	:echo	{:echo "Please echo 52", :in_reply_to 35, :msg_id 35, :type "echo_ok"}
2025-08-21 21:59:34,220{GMT}	INFO	[jepsen worker 0] jepsen.util: 0	:invoke	:echo	"Please echo 102"
2025-08-21 21:59:34,223{GMT}	INFO	[jepsen worker 0] jepsen.util: 0	:ok	:echo	{:echo "Please echo 102", :in_reply_to 36, :msg_id 36, :type "echo_ok"}
2025-08-21 21:59:34,494{GMT}	INFO	[jepsen worker 0] jepsen.util: 0	:invoke	:echo	"Please echo 84"
2025-08-21 21:59:34,497{GMT}	INFO	[jepsen worker 0] jepsen.util: 0	:ok	:echo	{:echo "Please echo 84", :in_reply_to 37, :msg_id 37, :type "echo_ok"}
2025-08-21 21:59:34,664{GMT}	INFO	[jepsen worker 0] jepsen.util: 0	:invoke	:echo	"Please echo 121"
2025-08-21 21:59:34,665{GMT}	INFO	[jepsen worker 0] jepsen.util: 0	:ok	:echo	{:echo "Please echo 121", :in_reply_to 38, :msg_id 38, :type "echo_ok"}
2025-08-21 21:59:34,946{GMT}	INFO	[jepsen worker 0] jepsen.util: 0	:invoke	:echo	"Please echo 49"
2025-08-21 21:59:34,948{GMT}	INFO	[jepsen worker 0] jepsen.util: 0	:ok	:echo	{:echo "Please echo 49", :in_reply_to 39, :msg_id 39, :type "echo_ok"}
2025-08-21 21:59:35,138{GMT}	INFO	[jepsen worker 0] jepsen.util: 0	:invoke	:echo	"Please echo 62"
2025-08-21 21:59:35,140{GMT}	INFO	[jepsen worker 0] jepsen.util: 0	:ok	:echo	{:echo "Please echo 62", :in_reply_to 40, :msg_id 40, :type "echo_ok"}
2025-08-21 21:59:35,490{GMT}	INFO	[jepsen worker 0] jepsen.util: 0	:invoke	:echo	"Please echo 38"
2025-08-21 21:59:35,492{GMT}	INFO	[jepsen worker 0] jepsen.util: 0	:ok	:echo	{:echo "Please echo 38", :in_reply_to 41, :msg_id 41, :type "echo_ok"}
2025-08-21 21:59:35,532{GMT}	INFO	[jepsen worker 0] jepsen.util: 0	:invoke	:echo	"Please echo 113"
2025-08-21 21:59:35,534{GMT}	INFO	[jepsen worker 0] jepsen.util: 0	:ok	:echo	{:echo "Please echo 113", :in_reply_to 42, :msg_id 42, :type "echo_ok"}
2025-08-21 21:59:35,626{GMT}	INFO	[jepsen worker 0] jepsen.util: 0	:invoke	:echo	"Please echo 32"
2025-08-21 21:59:35,629{GMT}	INFO	[jepsen worker 0] jepsen.util: 0	:ok	:echo	{:echo "Please echo 32", :in_reply_to 43, :msg_id 43, :type "echo_ok"}
2025-08-21 21:59:35,647{GMT}	INFO	[jepsen test runner] jepsen.core: Run complete, writing
2025-08-21 21:59:35,692{GMT}	INFO	[jepsen node n0] maelstrom.db: Tearing down n0
2025-08-21 21:59:36,676{GMT}	INFO	[jepsen node n0] maelstrom.net: Shutting down Maelstrom network
2025-08-21 21:59:36,677{GMT}	INFO	[jepsen test runner] jepsen.core: Analyzing...
2025-08-21 21:59:36,832{GMT}	INFO	[jepsen test runner] jepsen.core: Analysis complete
2025-08-21 21:59:36,839{GMT}	INFO	[jepsen results] jepsen.store: Wrote /home/ssung/projects/learning-gossip-glomers/store/echo/20250821T215924.922-0400/results.edn
2025-08-21 21:59:36,877{GMT}	INFO	[jepsen test runner] jepsen.core: {:perf {:latency-graph {:valid? true},
        :rate-graph {:valid? true},
        :valid? true},
 :timeline {:valid? true},
 :exceptions {:valid? true},
 :stats {:valid? true,
         :count 43,
         :ok-count 43,
         :fail-count 0,
         :info-count 0,
         :by-f {:echo {:valid? true,
                       :count 43,
                       :ok-count 43,
                       :fail-count 0,
                       :info-count 0}}},
 :availability {:valid? true, :ok-fraction 1.0},
 :net {:all {:send-count 88,
             :recv-count 88,
             :msg-count 88,
             :msgs-per-op 2.0465117},
       :clients {:send-count 88, :recv-count 88, :msg-count 88},
       :servers {:send-count 0,
                 :recv-count 0,
                 :msg-count 0,
                 :msgs-per-op 0.0},
       :valid? true},
 :workload {:valid? true, :errors ()},
 :valid? true}


Everything looks good! ヽ(‘ー`)ノ
